Base path: C:/Program Files/Unity/Hub/Editor/2019.1.9f1/Editor/Data
Cmd: initializeCompiler
Cmd: compileComputeKernel
  api=18 insize=3070 outsize=198945 ok=1
Cmd: compileComputeKernel
  api=4 insize=10881 outsize=10437 ok=1
Cmd: compileComputeKernel
  api=9 insize=4855 outsize=7781 ok=1
Cmd: compileComputeKernel
  api=4 insize=4855 outsize=4141 ok=1
Cmd: compileComputeKernel
  api=4 insize=3396 outsize=2581 ok=1
Cmd: compileComputeKernel
  api=18 insize=18299 outsize=56373 ok=1
Cmd: compileComputeKernel
  api=4 insize=18299 outsize=10469 ok=1
Cmd: compileComputeKernel
  api=4 insize=3072 outsize=353 ok=1
Cmd: compileComputeKernel
  api=4 insize=1806 outsize=1389 ok=1
Cmd: compileSnippet
  api=4 type=0 insize=2320 outsize=1814 kw=_MAIN_LIGHT_SHADOWS _MIXED_LIGHTING_SUBTRACTIVE pd=UNITY_NO_DXT5nm UNITY_ENABLE_REFLECTION_BUFFERS UNITY_NO_CUBEMAP_ARRAY UNITY_NO_SCREENSPACE_SHADOWS UNITY_PBS_USE_BRDF2 SHADER_API_DESKTOP UNITY_HARDWARE_TIER3 UNITY_COLORSPACE_GAMMA UNITY_LIGHTMAP_DLDR_ENCODING ok=1
Cmd: compileSnippet
  api=4 type=0 insize=2320 outsize=1618 kw=_MIXED_LIGHTING_SUBTRACTIVE pd=UNITY_NO_DXT5nm UNITY_ENABLE_REFLECTION_BUFFERS UNITY_NO_CUBEMAP_ARRAY UNITY_NO_SCREENSPACE_SHADOWS UNITY_PBS_USE_BRDF2 SHADER_API_DESKTOP UNITY_HARDWARE_TIER3 UNITY_COLORSPACE_GAMMA UNITY_LIGHTMAP_DLDR_ENCODING ok=1
Cmd: disassembleShader
  api=18 insize=4471 outsize=46056 ok=1
Cmd: disassembleShader
  api=9 insize=10191 outsize=10191 ok=1
Cmd: disassembleShader
  api=18 insize=5498 outsize=56592 ok=1
Cmd: disassembleShader
  api=18 insize=6166 outsize=61324 ok=1
Cmd: disassembleShader
  api=18 insize=5996 outsize=59515 ok=1
Cmd: disassembleShader
  api=9 insize=9864 outsize=9864 ok=1
Cmd: disassembleShader
  api=9 insize=8686 outsize=8686 ok=1
Cmd: disassembleShader
  api=9 insize=8579 outsize=8579 ok=1
Cmd: disassembleShader
  api=18 insize=6560 outsize=66547 ok=1
Cmd: disassembleShader
  api=18 insize=6918 outsize=69176 ok=1
Cmd: disassembleShader
  api=18 insize=6166 outsize=61324 ok=1
Cmd: disassembleShader
  api=9 insize=11295 outsize=11295 ok=1
Cmd: disassembleShader
  api=9 insize=13560 outsize=13560 ok=1
Cmd: disassembleShader
  api=9 insize=8686 outsize=8686 ok=1
Cmd: disassembleShader
  api=18 insize=0 outsize=1 ok=1
Cmd: disassembleShader
  api=18 insize=0 outsize=1 ok=1
Cmd: disassembleShader
  api=18 insize=0 outsize=1 ok=1
Cmd: disassembleShader
  api=18 insize=0 outsize=1 ok=1
Cmd: disassembleShader
  api=9 insize=0 outsize=57 ok=1
Cmd: disassembleShader
  api=9 insize=0 outsize=57 ok=1
Cmd: disassembleShader
  api=9 insize=0 outsize=57 ok=1
Cmd: disassembleShader
  api=9 insize=7747 outsize=7747 ok=1
Cmd: disassembleShader
  api=18 insize=4055 outsize=38327 ok=1
Cmd: disassembleShader
  api=9 insize=7429 outsize=7429 ok=1
Cmd: disassembleShader
  api=9 insize=8178 outsize=8178 ok=1
Cmd: disassembleShader
  api=9 insize=8079 outsize=8079 ok=1
Cmd: disassembleShader
  api=18 insize=4208 outsize=40649 ok=1
Cmd: disassembleShader
  api=18 insize=4769 outsize=44764 ok=1
Cmd: disassembleShader
  api=9 insize=8392 outsize=8392 ok=1
Cmd: disassembleShader
  api=9 insize=10115 outsize=10115 ok=1
Cmd: disassembleShader
  api=9 insize=10861 outsize=10861 ok=1
Cmd: disassembleShader
  api=18 insize=5912 outsize=57161 ok=1
Cmd: disassembleShader
  api=18 insize=5139 outsize=49076 ok=1
Cmd: disassembleShader
  api=9 insize=7722 outsize=7722 ok=1
Cmd: disassembleShader
  api=9 insize=9514 outsize=9514 ok=1
Cmd: disassembleShader
  api=9 insize=9868 outsize=9868 ok=1
Cmd: disassembleShader
  api=18 insize=4719 outsize=45841 ok=1
Cmd: disassembleShader
  api=18 insize=6371 outsize=60056 ok=1
Cmd: disassembleShader
  api=9 insize=8142 outsize=8142 ok=1
Cmd: disassembleShader
  api=9 insize=9915 outsize=9915 ok=1
Cmd: disassembleShader
  api=9 insize=10694 outsize=10694 ok=1
Cmd: disassembleShader
  api=18 insize=5677 outsize=54625 ok=1
Cmd: disassembleShader
  api=18 insize=4851 outsize=45561 ok=1
Cmd: disassembleShader
  api=18 insize=0 outsize=1 ok=1
Cmd: disassembleShader
  api=9 insize=0 outsize=57 ok=1
Cmd: disassembleShader
  api=9 insize=0 outsize=57 ok=1
Cmd: disassembleShader
  api=9 insize=0 outsize=57 ok=1
Cmd: disassembleShader
  api=18 insize=0 outsize=1 ok=1
Cmd: disassembleShader
  api=18 insize=0 outsize=1 ok=1
Cmd: disassembleShader
  api=18 insize=0 outsize=1 ok=1
Cmd: disassembleShader
  api=9 insize=0 outsize=57 ok=1
Cmd: disassembleShader
  api=9 insize=0 outsize=57 ok=1
Cmd: disassembleShader
  api=9 insize=0 outsize=57 ok=1
Cmd: disassembleShader
  api=18 insize=0 outsize=1 ok=1
Cmd: disassembleShader
  api=18 insize=0 outsize=1 ok=1
Cmd: disassembleShader
  api=18 insize=0 outsize=1 ok=1
Cmd: disassembleShader
  api=9 insize=0 outsize=57 ok=1
Cmd: disassembleShader
  api=9 insize=0 outsize=57 ok=1
Cmd: disassembleShader
  api=9 insize=0 outsize=57 ok=1
Cmd: disassembleShader
  api=18 insize=0 outsize=1 ok=1
Cmd: disassembleShader
  api=18 insize=0 outsize=1 ok=1
Cmd: disassembleShader
  api=18 insize=0 outsize=1 ok=1
Cmd: disassembleShader
  api=9 insize=0 outsize=57 ok=1
Cmd: disassembleShader
  api=9 insize=0 outsize=57 ok=1
Cmd: disassembleShader
  api=9 insize=0 outsize=57 ok=1
Cmd: disassembleShader
  api=18 insize=1764 outsize=15956 ok=1
Cmd: disassembleShader
  api=18 insize=2314 outsize=22095 ok=1
Cmd: disassembleShader
  api=9 insize=4299 outsize=4299 ok=1
Cmd: disassembleShader
  api=18 insize=0 outsize=1 ok=1
Cmd: disassembleShader
  api=9 insize=0 outsize=57 ok=1
Cmd: disassembleShader
  api=9 insize=0 outsize=57 ok=1
Cmd: disassembleShader
  api=18 insize=0 outsize=1 ok=1
Cmd: disassembleShader
  api=9 insize=5108 outsize=5108 ok=1
Cmd: disassembleShader
  api=9 insize=6717 outsize=6717 ok=1
Cmd: disassembleShader
  api=18 insize=4002 outsize=39962 ok=1
Cmd: disassembleShader
  api=18 insize=3066 outsize=29601 ok=1
Cmd: disassembleShader
  api=18 insize=2992 outsize=28696 ok=1
Cmd: disassembleShader
  api=9 insize=6649 outsize=6649 ok=1
Cmd: disassembleShader
  api=9 insize=5155 outsize=5155 ok=1
Cmd: disassembleShader
  api=9 insize=0 outsize=57 ok=1
Cmd: disassembleShader
  api=9 insize=0 outsize=57 ok=1
Cmd: disassembleShader
  api=9 insize=0 outsize=57 ok=1
Cmd: disassembleShader
  api=18 insize=0 outsize=1 ok=1
Cmd: disassembleShader
  api=18 insize=0 outsize=1 ok=1
Cmd: disassembleShader
  api=18 insize=0 outsize=1 ok=1
Cmd: disassembleShader
  api=9 insize=7227 outsize=7227 ok=1
Cmd: disassembleShader
  api=18 insize=5490 outsize=56265 ok=1
Cmd: disassembleShader
  api=18 insize=5550 outsize=55917 ok=1
Cmd: disassembleShader
  api=18 insize=6166 outsize=61324 ok=1
Cmd: disassembleShader
  api=9 insize=10004 outsize=10004 ok=1
Cmd: disassembleShader
  api=9 insize=11998 outsize=11998 ok=1
Cmd: disassembleShader
  api=9 insize=7686 outsize=7686 ok=1
Cmd: disassembleShader
  api=18 insize=4375 outsize=44887 ok=1
Cmd: disassembleShader
  api=18 insize=6423 outsize=64225 ok=1
Cmd: disassembleShader
  api=18 insize=6335 outsize=63390 ok=1
Cmd: disassembleShader
  api=18 insize=6166 outsize=61324 ok=1
Cmd: disassembleShader
  api=9 insize=11295 outsize=11295 ok=1
Cmd: disassembleShader
  api=9 insize=13560 outsize=13560 ok=1
Cmd: disassembleShader
  api=9 insize=7686 outsize=7686 ok=1
Cmd: disassembleShader
  api=9 insize=0 outsize=57 ok=1
Cmd: disassembleShader
  api=9 insize=0 outsize=57 ok=1
Cmd: disassembleShader
  api=9 insize=0 outsize=57 ok=1
Cmd: disassembleShader
  api=18 insize=0 outsize=1 ok=1
Cmd: disassembleShader
  api=18 insize=0 outsize=1 ok=1
Cmd: disassembleShader
  api=18 insize=0 outsize=1 ok=1
Cmd: disassembleShader
  api=9 insize=0 outsize=57 ok=1
Cmd: disassembleShader
  api=9 insize=6868 outsize=6868 ok=1
Cmd: disassembleShader
  api=9 insize=5875 outsize=5875 ok=1
Cmd: disassembleShader
  api=9 insize=7581 outsize=7581 ok=1
Cmd: disassembleShader
  api=18 insize=4246 outsize=41257 ok=1
Cmd: disassembleShader
  api=18 insize=4525 outsize=42572 ok=1
Cmd: disassembleShader
  api=18 insize=4453 outsize=41660 ok=1
Cmd: disassembleShader
  api=18 insize=4290 outsize=40580 ok=1
Cmd: disassembleShader
  api=9 insize=8541 outsize=8541 ok=1
Cmd: disassembleShader
  api=9 insize=8441 outsize=8441 ok=1
Cmd: disassembleShader
  api=18 insize=4094 outsize=40677 ok=1
Cmd: disassembleShader
  api=18 insize=5025 outsize=47615 ok=1
Cmd: disassembleShader
  api=18 insize=5856 outsize=55149 ok=1
Cmd: disassembleShader
  api=9 insize=8160 outsize=8160 ok=1
Cmd: disassembleShader
  api=9 insize=8082 outsize=8082 ok=1
Cmd: disassembleShader
  api=18 insize=4893 outsize=47758 ok=1
Cmd: disassembleShader
  api=18 insize=5030 outsize=47484 ok=1
Cmd: disassembleShader
  api=9 insize=0 outsize=57 ok=1
Cmd: disassembleShader
  api=9 insize=0 outsize=57 ok=1
Cmd: disassembleShader
  api=18 insize=0 outsize=1 ok=1
Cmd: disassembleShader
  api=18 insize=0 outsize=1 ok=1
Cmd: disassembleShader
  api=18 insize=0 outsize=1 ok=1
Cmd: disassembleShader
  api=9 insize=0 outsize=57 ok=1
Cmd: disassembleShader
  api=9 insize=0 outsize=57 ok=1
Cmd: disassembleShader
  api=9 insize=0 outsize=57 ok=1
Cmd: disassembleShader
  api=18 insize=0 outsize=1 ok=1
Cmd: disassembleShader
  api=18 insize=0 outsize=1 ok=1
Cmd: disassembleShader
  api=18 insize=0 outsize=1 ok=1
Cmd: disassembleShader
  api=9 insize=0 outsize=57 ok=1
Cmd: disassembleShader
  api=9 insize=0 outsize=57 ok=1
Cmd: disassembleShader
  api=9 insize=0 outsize=57 ok=1
Cmd: disassembleShader
  api=18 insize=0 outsize=1 ok=1
Cmd: disassembleShader
  api=18 insize=0 outsize=1 ok=1
Cmd: disassembleShader
  api=18 insize=0 outsize=1 ok=1
Cmd: disassembleShader
  api=9 insize=3025 outsize=3025 ok=1
Cmd: disassembleShader
  api=9 insize=3831 outsize=3831 ok=1
Cmd: disassembleShader
  api=18 insize=1654 outsize=14930 ok=1
Cmd: disassembleShader
  api=18 insize=2262 outsize=21134 ok=1
Cmd: disassembleShader
  api=18 insize=0 outsize=1 ok=1
Cmd: disassembleShader
  api=9 insize=0 outsize=57 ok=1
Cmd: disassembleShader
  api=9 insize=0 outsize=57 ok=1
