Base path: C:/Program Files/Unity/Hub/Editor/2019.1.9f1/Editor/Data
Cmd: initializeCompiler
Cmd: compileComputeKernel
  api=18 insize=10881 outsize=40753 ok=1
Cmd: compileComputeKernel
  api=9 insize=4855 outsize=17817 ok=1
Cmd: compileComputeKernel
  api=18 insize=3396 outsize=9925 ok=1
Cmd: compileComputeKernel
  api=18 insize=18299 outsize=33289 ok=1
Cmd: compileComputeKernel
  api=4 insize=18299 outsize=8545 ok=1
Cmd: compileComputeKernel
  api=4 insize=18299 outsize=8553 ok=1
Cmd: compileComputeKernel
  api=18 insize=1806 outsize=2481 ok=1
Cmd: compileSnippet
  api=4 type=0 insize=1020 outsize=690 kw= pd=UNITY_NO_DXT5nm UNITY_ENABLE_REFLECTION_BUFFERS UNITY_NO_CUBEMAP_ARRAY UNITY_NO_SCREENSPACE_SHADOWS UNITY_PBS_USE_BRDF2 SHADER_API_DESKTOP UNITY_HARDWARE_TIER3 UNITY_COLORSPACE_GAMMA UNITY_LIGHTMAP_DLDR_ENCODING ok=1
Cmd: disassembleShader
  api=9 insize=8579 outsize=8579 ok=1
Cmd: disassembleShader
  api=18 insize=6132 outsize=62177 ok=1
Cmd: disassembleShader
  api=9 insize=8488 outsize=8488 ok=1
Cmd: disassembleShader
  api=9 insize=10461 outsize=10461 ok=1
Cmd: disassembleShader
  api=9 insize=12044 outsize=12044 ok=1
Cmd: disassembleShader
  api=18 insize=6090 outsize=62384 ok=1
Cmd: disassembleShader
  api=18 insize=5056 outsize=50938 ok=1
Cmd: disassembleShader
  api=9 insize=10313 outsize=10313 ok=1
Cmd: disassembleShader
  api=9 insize=11677 outsize=11677 ok=1
Cmd: disassembleShader
  api=9 insize=10502 outsize=10502 ok=1
Cmd: disassembleShader
  api=18 insize=5059 outsize=51748 ok=1
Cmd: disassembleShader
  api=18 insize=8215 outsize=81878 ok=1
Cmd: disassembleShader
  api=18 insize=7913 outsize=78742 ok=1
Cmd: disassembleShader
  api=9 insize=0 outsize=57 ok=1
Cmd: disassembleShader
  api=9 insize=0 outsize=57 ok=1
Cmd: disassembleShader
  api=9 insize=0 outsize=57 ok=1
Cmd: disassembleShader
  api=18 insize=0 outsize=1 ok=1
Cmd: disassembleShader
  api=18 insize=0 outsize=1 ok=1
Cmd: disassembleShader
  api=18 insize=0 outsize=1 ok=1
Cmd: disassembleShader
  api=9 insize=0 outsize=57 ok=1
Cmd: disassembleShader
  api=18 insize=4669 outsize=43258 ok=1
Cmd: disassembleShader
  api=18 insize=4055 outsize=38327 ok=1
Cmd: disassembleShader
  api=18 insize=3922 outsize=36661 ok=1
Cmd: disassembleShader
  api=18 insize=4969 outsize=46918 ok=1
Cmd: disassembleShader
  api=9 insize=7192 outsize=7192 ok=1
Cmd: disassembleShader
  api=9 insize=7918 outsize=7918 ok=1
Cmd: disassembleShader
  api=18 insize=4204 outsize=41137 ok=1
Cmd: disassembleShader
  api=18 insize=4681 outsize=43113 ok=1
Cmd: disassembleShader
  api=18 insize=6097 outsize=57820 ok=1
Cmd: disassembleShader
  api=18 insize=5983 outsize=56359 ok=1
Cmd: disassembleShader
  api=9 insize=8957 outsize=8957 ok=1
Cmd: disassembleShader
  api=9 insize=8609 outsize=8609 ok=1
Cmd: disassembleShader
  api=9 insize=8496 outsize=8496 ok=1
Cmd: disassembleShader
  api=18 insize=4773 outsize=46679 ok=1
Cmd: disassembleShader
  api=18 insize=5742 outsize=53688 ok=1
Cmd: disassembleShader
  api=18 insize=6087 outsize=57501 ok=1
Cmd: disassembleShader
  api=9 insize=8673 outsize=8673 ok=1
Cmd: disassembleShader
  api=9 insize=10421 outsize=10421 ok=1
Cmd: disassembleShader
  api=9 insize=10028 outsize=10028 ok=1
Cmd: disassembleShader
  api=18 insize=4813 outsize=46809 ok=1
Cmd: disassembleShader
  api=18 insize=6483 outsize=61128 ok=1
Cmd: disassembleShader
  api=9 insize=7005 outsize=7005 ok=1
Cmd: disassembleShader
  api=9 insize=0 outsize=57 ok=1
Cmd: disassembleShader
  api=9 insize=0 outsize=57 ok=1
Cmd: disassembleShader
  api=9 insize=0 outsize=57 ok=1
Cmd: disassembleShader
  api=18 insize=0 outsize=1 ok=1
Cmd: disassembleShader
  api=18 insize=0 outsize=1 ok=1
Cmd: disassembleShader
  api=18 insize=0 outsize=1 ok=1
Cmd: disassembleShader
  api=9 insize=0 outsize=57 ok=1
Cmd: disassembleShader
  api=9 insize=0 outsize=57 ok=1
Cmd: disassembleShader
  api=9 insize=0 outsize=57 ok=1
Cmd: disassembleShader
  api=18 insize=0 outsize=1 ok=1
Cmd: disassembleShader
  api=18 insize=0 outsize=1 ok=1
Cmd: disassembleShader
  api=18 insize=0 outsize=1 ok=1
Cmd: disassembleShader
  api=9 insize=0 outsize=57 ok=1
Cmd: disassembleShader
  api=9 insize=0 outsize=57 ok=1
Cmd: disassembleShader
  api=9 insize=0 outsize=57 ok=1
Cmd: disassembleShader
  api=18 insize=0 outsize=1 ok=1
Cmd: disassembleShader
  api=18 insize=0 outsize=1 ok=1
Cmd: disassembleShader
  api=18 insize=0 outsize=1 ok=1
Cmd: disassembleShader
  api=9 insize=0 outsize=57 ok=1
Cmd: disassembleShader
  api=9 insize=0 outsize=57 ok=1
Cmd: disassembleShader
  api=9 insize=0 outsize=57 ok=1
Cmd: disassembleShader
  api=18 insize=0 outsize=1 ok=1
Cmd: disassembleShader
  api=18 insize=0 outsize=1 ok=1
Cmd: disassembleShader
  api=9 insize=3025 outsize=3025 ok=1
Cmd: disassembleShader
  api=9 insize=4072 outsize=4072 ok=1
Cmd: disassembleShader
  api=18 insize=1654 outsize=14930 ok=1
Cmd: disassembleShader
  api=18 insize=2424 outsize=23121 ok=1
Cmd: disassembleShader
  api=9 insize=0 outsize=57 ok=1
Cmd: disassembleShader
  api=9 insize=0 outsize=57 ok=1
Cmd: disassembleShader
  api=9 insize=0 outsize=57 ok=1
Cmd: disassembleShader
  api=9 insize=6717 outsize=6717 ok=1
Cmd: disassembleShader
  api=9 insize=6695 outsize=6695 ok=1
Cmd: disassembleShader
  api=9 insize=5155 outsize=5155 ok=1
Cmd: disassembleShader
  api=18 insize=2992 outsize=28696 ok=1
Cmd: disassembleShader
  api=18 insize=4063 outsize=40519 ok=1
Cmd: disassembleShader
  api=18 insize=3975 outsize=39590 ok=1
Cmd: disassembleShader
  api=18 insize=3058 outsize=29557 ok=1
Cmd: disassembleShader
  api=18 insize=0 outsize=1 ok=1
Cmd: disassembleShader
  api=9 insize=0 outsize=57 ok=1
Cmd: disassembleShader
  api=18 insize=0 outsize=1 ok=1
Cmd: disassembleShader
  api=18 insize=0 outsize=1 ok=1
Cmd: disassembleShader
  api=18 insize=0 outsize=1 ok=1
Cmd: disassembleShader
  api=9 insize=0 outsize=57 ok=1
Cmd: disassembleShader
  api=9 insize=0 outsize=57 ok=1
Cmd: disassembleShader
  api=18 insize=4375 outsize=44887 ok=1
Cmd: disassembleShader
  api=9 insize=8736 outsize=8736 ok=1
Cmd: disassembleShader
  api=9 insize=10502 outsize=10502 ok=1
Cmd: disassembleShader
  api=9 insize=10461 outsize=10461 ok=1
Cmd: disassembleShader
  api=18 insize=6174 outsize=63620 ok=1
Cmd: disassembleShader
  api=18 insize=6918 outsize=69598 ok=1
Cmd: disassembleShader
  api=18 insize=4574 outsize=46096 ok=1
Cmd: disassembleShader
  api=9 insize=10069 outsize=10069 ok=1
Cmd: disassembleShader
  api=9 insize=10510 outsize=10510 ok=1
Cmd: disassembleShader
  api=9 insize=10502 outsize=10502 ok=1
Cmd: disassembleShader
  api=18 insize=5059 outsize=51748 ok=1
Cmd: disassembleShader
  api=18 insize=8215 outsize=81878 ok=1
Cmd: disassembleShader
  api=18 insize=7913 outsize=78742 ok=1
Cmd: disassembleShader
  api=9 insize=0 outsize=57 ok=1
Cmd: disassembleShader
  api=18 insize=0 outsize=1 ok=1
Cmd: disassembleShader
  api=18 insize=0 outsize=1 ok=1
Cmd: disassembleShader
  api=18 insize=0 outsize=1 ok=1
Cmd: disassembleShader
  api=9 insize=0 outsize=57 ok=1
Cmd: disassembleShader
  api=9 insize=0 outsize=57 ok=1
Cmd: disassembleShader
  api=9 insize=0 outsize=57 ok=1
Cmd: disassembleShader
  api=9 insize=7151 outsize=7151 ok=1
Cmd: disassembleShader
  api=18 insize=3626 outsize=34718 ok=1
Cmd: disassembleShader
  api=9 insize=7581 outsize=7581 ok=1
Cmd: disassembleShader
  api=9 insize=7528 outsize=7528 ok=1
Cmd: disassembleShader
  api=18 insize=4313 outsize=42025 ok=1
Cmd: disassembleShader
  api=18 insize=4453 outsize=41660 ok=1
Cmd: disassembleShader
  api=9 insize=6654 outsize=6654 ok=1
Cmd: disassembleShader
  api=18 insize=4219 outsize=39668 ok=1
Cmd: disassembleShader
  api=18 insize=5173 outsize=49351 ok=1
Cmd: disassembleShader
  api=9 insize=6716 outsize=6716 ok=1
Cmd: disassembleShader
  api=18 insize=5139 outsize=49076 ok=1
Cmd: disassembleShader
  api=9 insize=9627 outsize=9627 ok=1
Cmd: disassembleShader
  api=9 insize=9514 outsize=9514 ok=1
Cmd: disassembleShader
  api=18 insize=4799 outsize=46790 ok=1
Cmd: disassembleShader
  api=18 insize=4936 outsize=46516 ok=1
Cmd: disassembleShader
  api=9 insize=8032 outsize=8032 ok=1
Cmd: disassembleShader
  api=9 insize=7204 outsize=7204 ok=1
Cmd: disassembleShader
  api=9 insize=0 outsize=57 ok=1
Cmd: disassembleShader
  api=9 insize=0 outsize=57 ok=1
Cmd: disassembleShader
  api=9 insize=0 outsize=57 ok=1
Cmd: disassembleShader
  api=18 insize=0 outsize=1 ok=1
Cmd: disassembleShader
  api=18 insize=0 outsize=1 ok=1
Cmd: disassembleShader
  api=18 insize=0 outsize=1 ok=1
Cmd: disassembleShader
  api=9 insize=0 outsize=57 ok=1
Cmd: disassembleShader
  api=9 insize=0 outsize=57 ok=1
Cmd: disassembleShader
  api=9 insize=0 outsize=57 ok=1
Cmd: disassembleShader
  api=18 insize=0 outsize=1 ok=1
Cmd: disassembleShader
  api=18 insize=0 outsize=1 ok=1
Cmd: disassembleShader
  api=18 insize=0 outsize=1 ok=1
Cmd: disassembleShader
  api=9 insize=0 outsize=57 ok=1
Cmd: disassembleShader
  api=9 insize=0 outsize=57 ok=1
Cmd: disassembleShader
  api=9 insize=0 outsize=57 ok=1
Cmd: disassembleShader
  api=18 insize=0 outsize=1 ok=1
Cmd: disassembleShader
  api=18 insize=0 outsize=1 ok=1
Cmd: disassembleShader
  api=18 insize=1764 outsize=15956 ok=1
Cmd: disassembleShader
  api=18 insize=2152 outsize=20108 ok=1
Cmd: disassembleShader
  api=18 insize=1654 outsize=14930 ok=1
Cmd: disassembleShader
  api=18 insize=2262 outsize=21134 ok=1
Cmd: disassembleShader
  api=18 insize=0 outsize=1 ok=1
Cmd: disassembleShader
  api=18 insize=0 outsize=1 ok=1
Cmd: disassembleShader
  api=9 insize=0 outsize=57 ok=1
