Base path: C:/Program Files/Unity/Hub/Editor/2019.1.9f1/Editor/Data
Cmd: initializeCompiler
Cmd: compileComputeKernel
  api=18 insize=2059 outsize=1233 ok=1
Cmd: compileComputeKernel
  api=18 insize=1176 outsize=3345 ok=1
Cmd: compileComputeKernel
  api=18 insize=3070 outsize=200317 ok=1
Cmd: compileComputeKernel
  api=18 insize=10881 outsize=48093 ok=1
Cmd: compileComputeKernel
  api=18 insize=4855 outsize=17357 ok=1
Cmd: compileComputeKernel
  api=4 insize=4855 outsize=9169 ok=1
Cmd: compileComputeKernel
  api=18 insize=18299 outsize=32865 ok=1
Cmd: compileComputeKernel
  api=18 insize=18299 outsize=57713 ok=1
Cmd: compileComputeKernel
  api=18 insize=1454 outsize=5261 ok=1
Cmd: compileComputeKernel
  api=4 insize=2044 outsize=1037 ok=1
Cmd: compileSnippet
  api=4 type=1 insize=2320 outsize=2774 kw=_MAIN_LIGHT_SHADOWS _MIXED_LIGHTING_SUBTRACTIVE pd=UNITY_NO_DXT5nm UNITY_ENABLE_REFLECTION_BUFFERS UNITY_NO_CUBEMAP_ARRAY UNITY_NO_SCREENSPACE_SHADOWS UNITY_PBS_USE_BRDF2 SHADER_API_DESKTOP UNITY_HARDWARE_TIER3 UNITY_COLORSPACE_GAMMA UNITY_LIGHTMAP_DLDR_ENCODING ok=1
Cmd: disassembleShader
  api=9 insize=7383 outsize=7383 ok=1
Cmd: disassembleShader
  api=9 insize=10115 outsize=10115 ok=1
Cmd: disassembleShader
  api=9 insize=10502 outsize=10502 ok=1
Cmd: disassembleShader
  api=18 insize=5059 outsize=51748 ok=1
Cmd: disassembleShader
  api=18 insize=7220 outsize=72734 ok=1
Cmd: disassembleShader
  api=18 insize=6918 outsize=69598 ok=1
Cmd: disassembleShader
  api=9 insize=7383 outsize=7383 ok=1
Cmd: disassembleShader
  api=9 insize=11753 outsize=11753 ok=1
Cmd: disassembleShader
  api=9 insize=11677 outsize=11677 ok=1
Cmd: disassembleShader
  api=18 insize=5199 outsize=53405 ok=1
Cmd: disassembleShader
  api=18 insize=5996 outsize=59515 ok=1
Cmd: disassembleShader
  api=9 insize=11155 outsize=11155 ok=1
Cmd: disassembleShader
  api=9 insize=8686 outsize=8686 ok=1
Cmd: disassembleShader
  api=9 insize=0 outsize=57 ok=1
Cmd: disassembleShader
  api=9 insize=0 outsize=57 ok=1
Cmd: disassembleShader
  api=9 insize=0 outsize=57 ok=1
Cmd: disassembleShader
  api=9 insize=0 outsize=57 ok=1
Cmd: disassembleShader
  api=18 insize=0 outsize=1 ok=1
Cmd: disassembleShader
  api=18 insize=0 outsize=1 ok=1
Cmd: disassembleShader
  api=18 insize=0 outsize=1 ok=1
Cmd: disassembleShader
  api=18 insize=4669 outsize=43258 ok=1
Cmd: disassembleShader
  api=9 insize=6616 outsize=6616 ok=1
Cmd: disassembleShader
  api=18 insize=3407 outsize=33401 ok=1
Cmd: disassembleShader
  api=18 insize=4969 outsize=46918 ok=1
Cmd: disassembleShader
  api=18 insize=4857 outsize=45457 ok=1
Cmd: disassembleShader
  api=9 insize=7055 outsize=7055 ok=1
Cmd: disassembleShader
  api=9 insize=7704 outsize=7704 ok=1
Cmd: disassembleShader
  api=9 insize=7534 outsize=7534 ok=1
Cmd: disassembleShader
  api=18 insize=4908 outsize=48447 ok=1
Cmd: disassembleShader
  api=18 insize=5983 outsize=56359 ok=1
Cmd: disassembleShader
  api=18 insize=6582 outsize=62299 ok=1
Cmd: disassembleShader
  api=9 insize=6716 outsize=6716 ok=1
Cmd: disassembleShader
  api=9 insize=8496 outsize=8496 ok=1
Cmd: disassembleShader
  api=9 insize=9627 outsize=9627 ok=1
Cmd: disassembleShader
  api=18 insize=4642 outsize=44861 ok=1
Cmd: disassembleShader
  api=18 insize=6087 outsize=57501 ok=1
Cmd: disassembleShader
  api=18 insize=5973 outsize=56040 ok=1
Cmd: disassembleShader
  api=9 insize=8566 outsize=8566 ok=1
Cmd: disassembleShader
  api=9 insize=10028 outsize=10028 ok=1
Cmd: disassembleShader
  api=9 insize=9915 outsize=9915 ok=1
Cmd: disassembleShader
  api=18 insize=5786 outsize=56210 ok=1
Cmd: disassembleShader
  api=18 insize=6182 outsize=58115 ok=1
Cmd: disassembleShader
  api=18 insize=4851 outsize=45561 ok=1
Cmd: disassembleShader
  api=9 insize=0 outsize=57 ok=1
Cmd: disassembleShader
  api=18 insize=0 outsize=1 ok=1
Cmd: disassembleShader
  api=9 insize=0 outsize=57 ok=1
Cmd: disassembleShader
  api=9 insize=0 outsize=57 ok=1
Cmd: disassembleShader
  api=9 insize=0 outsize=57 ok=1
Cmd: disassembleShader
  api=18 insize=0 outsize=1 ok=1
Cmd: disassembleShader
  api=18 insize=0 outsize=1 ok=1
Cmd: disassembleShader
  api=18 insize=0 outsize=1 ok=1
Cmd: disassembleShader
  api=9 insize=0 outsize=57 ok=1
Cmd: disassembleShader
  api=9 insize=0 outsize=57 ok=1
Cmd: disassembleShader
  api=9 insize=0 outsize=57 ok=1
Cmd: disassembleShader
  api=18 insize=0 outsize=1 ok=1
Cmd: disassembleShader
  api=18 insize=0 outsize=1 ok=1
Cmd: disassembleShader
  api=18 insize=0 outsize=1 ok=1
Cmd: disassembleShader
  api=9 insize=0 outsize=57 ok=1
Cmd: disassembleShader
  api=9 insize=0 outsize=57 ok=1
Cmd: disassembleShader
  api=9 insize=0 outsize=57 ok=1
Cmd: disassembleShader
  api=18 insize=0 outsize=1 ok=1
Cmd: disassembleShader
  api=18 insize=0 outsize=1 ok=1
Cmd: disassembleShader
  api=18 insize=0 outsize=1 ok=1
Cmd: disassembleShader
  api=9 insize=0 outsize=57 ok=1
Cmd: disassembleShader
  api=9 insize=0 outsize=57 ok=1
Cmd: disassembleShader
  api=9 insize=3025 outsize=3025 ok=1
Cmd: disassembleShader
  api=18 insize=2314 outsize=22095 ok=1
Cmd: disassembleShader
  api=18 insize=1654 outsize=14930 ok=1
Cmd: disassembleShader
  api=18 insize=2424 outsize=23121 ok=1
Cmd: disassembleShader
  api=9 insize=0 outsize=57 ok=1
Cmd: disassembleShader
  api=18 insize=0 outsize=1 ok=1
Cmd: disassembleShader
  api=18 insize=0 outsize=1 ok=1
Cmd: disassembleShader
  api=18 insize=2984 outsize=28652 ok=1
Cmd: disassembleShader
  api=9 insize=6695 outsize=6695 ok=1
Cmd: disassembleShader
  api=9 insize=5155 outsize=5155 ok=1
Cmd: disassembleShader
  api=9 insize=5108 outsize=5108 ok=1
Cmd: disassembleShader
  api=18 insize=4063 outsize=40519 ok=1
Cmd: disassembleShader
  api=18 insize=3975 outsize=39590 ok=1
Cmd: disassembleShader
  api=9 insize=0 outsize=57 ok=1
Cmd: disassembleShader
  api=9 insize=0 outsize=57 ok=1
Cmd: disassembleShader
  api=9 insize=0 outsize=57 ok=1
Cmd: disassembleShader
  api=18 insize=0 outsize=1 ok=1
Cmd: disassembleShader
  api=18 insize=0 outsize=1 ok=1
Cmd: disassembleShader
  api=18 insize=0 outsize=1 ok=1
Cmd: disassembleShader
  api=9 insize=0 outsize=57 ok=1
Cmd: disassembleShader
  api=18 insize=4482 outsize=45156 ok=1
Cmd: disassembleShader
  api=9 insize=9215 outsize=9215 ok=1
Cmd: disassembleShader
  api=18 insize=5398 outsize=55331 ok=1
Cmd: disassembleShader
  api=18 insize=6166 outsize=61324 ok=1
Cmd: disassembleShader
  api=18 insize=5996 outsize=59515 ok=1
Cmd: disassembleShader
  api=9 insize=9864 outsize=9864 ok=1
Cmd: disassembleShader
  api=9 insize=7686 outsize=7686 ok=1
Cmd: disassembleShader
  api=9 insize=7658 outsize=7658 ok=1
Cmd: disassembleShader
  api=18 insize=6411 outsize=64663 ok=1
Cmd: disassembleShader
  api=18 insize=6335 outsize=63390 ok=1
Cmd: disassembleShader
  api=9 insize=8353 outsize=8353 ok=1
Cmd: disassembleShader
  api=9 insize=13606 outsize=13606 ok=1
Cmd: disassembleShader
  api=9 insize=13560 outsize=13560 ok=1
Cmd: disassembleShader
  api=18 insize=4455 outsize=45830 ok=1
Cmd: disassembleShader
  api=9 insize=0 outsize=57 ok=1
Cmd: disassembleShader
  api=9 insize=0 outsize=57 ok=1
Cmd: disassembleShader
  api=9 insize=0 outsize=57 ok=1
Cmd: disassembleShader
  api=18 insize=0 outsize=1 ok=1
Cmd: disassembleShader
  api=18 insize=0 outsize=1 ok=1
Cmd: disassembleShader
  api=18 insize=0 outsize=1 ok=1
Cmd: disassembleShader
  api=18 insize=4336 outsize=40503 ok=1
Cmd: disassembleShader
  api=18 insize=3626 outsize=34718 ok=1
Cmd: disassembleShader
  api=9 insize=7349 outsize=7349 ok=1
Cmd: disassembleShader
  api=9 insize=7528 outsize=7528 ok=1
Cmd: disassembleShader
  api=9 insize=7375 outsize=7375 ok=1
Cmd: disassembleShader
  api=18 insize=4208 outsize=40649 ok=1
Cmd: disassembleShader
  api=18 insize=4290 outsize=40580 ok=1
Cmd: disassembleShader
  api=9 insize=8312 outsize=8312 ok=1
Cmd: disassembleShader
  api=9 insize=8441 outsize=8441 ok=1
Cmd: disassembleShader
  api=9 insize=8609 outsize=8609 ok=1
Cmd: disassembleShader
  api=18 insize=3934 outsize=38667 ok=1
Cmd: disassembleShader
  api=18 insize=5856 outsize=55149 ok=1
Cmd: disassembleShader
  api=18 insize=5742 outsize=53688 ok=1
Cmd: disassembleShader
  api=9 insize=8082 outsize=8082 ok=1
Cmd: disassembleShader
  api=9 insize=8331 outsize=8331 ok=1
Cmd: disassembleShader
  api=18 insize=4813 outsize=46809 ok=1
Cmd: disassembleShader
  api=18 insize=4407 outsize=41415 ok=1
Cmd: disassembleShader
  api=18 insize=0 outsize=1 ok=1
Cmd: disassembleShader
  api=9 insize=0 outsize=57 ok=1
Cmd: disassembleShader
  api=9 insize=0 outsize=57 ok=1
Cmd: disassembleShader
  api=9 insize=0 outsize=57 ok=1
Cmd: disassembleShader
  api=18 insize=0 outsize=1 ok=1
Cmd: disassembleShader
  api=18 insize=0 outsize=1 ok=1
Cmd: disassembleShader
  api=18 insize=0 outsize=1 ok=1
Cmd: disassembleShader
  api=9 insize=0 outsize=57 ok=1
Cmd: disassembleShader
  api=9 insize=0 outsize=57 ok=1
Cmd: disassembleShader
  api=9 insize=0 outsize=57 ok=1
Cmd: disassembleShader
  api=18 insize=0 outsize=1 ok=1
Cmd: disassembleShader
  api=18 insize=0 outsize=1 ok=1
Cmd: disassembleShader
  api=18 insize=0 outsize=1 ok=1
Cmd: disassembleShader
  api=9 insize=0 outsize=57 ok=1
Cmd: disassembleShader
  api=9 insize=0 outsize=57 ok=1
Cmd: disassembleShader
  api=9 insize=0 outsize=57 ok=1
Cmd: disassembleShader
  api=18 insize=0 outsize=1 ok=1
Cmd: disassembleShader
  api=18 insize=1764 outsize=15956 ok=1
Cmd: disassembleShader
  api=18 insize=2152 outsize=20108 ok=1
Cmd: disassembleShader
  api=9 insize=4058 outsize=4058 ok=1
Cmd: disassembleShader
  api=18 insize=0 outsize=1 ok=1
Cmd: disassembleShader
  api=18 insize=0 outsize=1 ok=1
Cmd: disassembleShader
  api=18 insize=0 outsize=1 ok=1
