Base path: C:/Program Files/Unity/Hub/Editor/2019.1.9f1/Editor/Data
Cmd: initializeCompiler
Cmd: compileComputeKernel
  api=4 insize=10881 outsize=9693 ok=1
Cmd: compileComputeKernel
  api=9 insize=4855 outsize=8593 ok=1
Cmd: compileComputeKernel
  api=4 insize=4855 outsize=5437 ok=1
Cmd: compileComputeKernel
  api=18 insize=18299 outsize=32873 ok=1
Cmd: compileComputeKernel
  api=4 insize=18299 outsize=8781 ok=1
Cmd: compileComputeKernel
  api=4 insize=18299 outsize=10377 ok=1
Cmd: compileComputeKernel
  api=4 insize=5435 outsize=6445 ok=1
Cmd: compileComputeKernel
  api=18 insize=1806 outsize=4969 ok=1
Cmd: compileComputeKernel
  api=18 insize=1454 outsize=2329 ok=1
Cmd: compileComputeKernel
  api=4 insize=2044 outsize=1033 ok=1
Cmd: compileSnippet
  api=4 type=1 insize=2320 outsize=2482 kw=_MIXED_LIGHTING_SUBTRACTIVE pd=UNITY_NO_DXT5nm UNITY_ENABLE_REFLECTION_BUFFERS UNITY_NO_CUBEMAP_ARRAY UNITY_NO_SCREENSPACE_SHADOWS UNITY_PBS_USE_BRDF2 SHADER_API_DESKTOP UNITY_HARDWARE_TIER3 UNITY_COLORSPACE_GAMMA UNITY_LIGHTMAP_DLDR_ENCODING ok=1
Cmd: disassembleShader
  api=18 insize=5023 outsize=50260 ok=1
Cmd: disassembleShader
  api=18 insize=6132 outsize=62177 ok=1
Cmd: disassembleShader
  api=18 insize=5923 outsize=60032 ok=1
Cmd: disassembleShader
  api=9 insize=8353 outsize=8353 ok=1
Cmd: disassembleShader
  api=9 insize=12044 outsize=12044 ok=1
Cmd: disassembleShader
  api=9 insize=11998 outsize=11998 ok=1
Cmd: disassembleShader
  api=18 insize=4605 outsize=47606 ok=1
Cmd: disassembleShader
  api=18 insize=5023 outsize=50260 ok=1
Cmd: disassembleShader
  api=18 insize=7127 outsize=71321 ok=1
Cmd: disassembleShader
  api=9 insize=8488 outsize=8488 ok=1
Cmd: disassembleShader
  api=9 insize=10461 outsize=10461 ok=1
Cmd: disassembleShader
  api=9 insize=13606 outsize=13606 ok=1
Cmd: disassembleShader
  api=18 insize=7014 outsize=70732 ok=1
Cmd: disassembleShader
  api=18 insize=5056 outsize=50938 ok=1
Cmd: disassembleShader
  api=9 insize=0 outsize=57 ok=1
Cmd: disassembleShader
  api=18 insize=0 outsize=1 ok=1
Cmd: disassembleShader
  api=18 insize=0 outsize=1 ok=1
Cmd: disassembleShader
  api=9 insize=0 outsize=57 ok=1
Cmd: disassembleShader
  api=9 insize=0 outsize=57 ok=1
Cmd: disassembleShader
  api=9 insize=0 outsize=57 ok=1
Cmd: disassembleShader
  api=18 insize=0 outsize=1 ok=1
Cmd: disassembleShader
  api=9 insize=5731 outsize=5731 ok=1
Cmd: disassembleShader
  api=9 insize=6476 outsize=6476 ok=1
Cmd: disassembleShader
  api=9 insize=8291 outsize=8291 ok=1
Cmd: disassembleShader
  api=18 insize=4246 outsize=41257 ok=1
Cmd: disassembleShader
  api=18 insize=4991 outsize=46770 ok=1
Cmd: disassembleShader
  api=18 insize=4784 outsize=44367 ok=1
Cmd: disassembleShader
  api=9 insize=6654 outsize=6654 ok=1
Cmd: disassembleShader
  api=9 insize=10228 outsize=10228 ok=1
Cmd: disassembleShader
  api=9 insize=10115 outsize=10115 ok=1
Cmd: disassembleShader
  api=18 insize=6006 outsize=58426 ok=1
Cmd: disassembleShader
  api=18 insize=6467 outsize=60872 ok=1
Cmd: disassembleShader
  api=18 insize=5139 outsize=49076 ok=1
Cmd: disassembleShader
  api=18 insize=5025 outsize=47615 ok=1
Cmd: disassembleShader
  api=18 insize=5856 outsize=55149 ok=1
Cmd: disassembleShader
  api=9 insize=7971 outsize=7971 ok=1
Cmd: disassembleShader
  api=9 insize=9755 outsize=9755 ok=1
Cmd: disassembleShader
  api=9 insize=10534 outsize=10534 ok=1
Cmd: disassembleShader
  api=18 insize=5581 outsize=53699 ok=1
Cmd: disassembleShader
  api=18 insize=6199 outsize=58579 ok=1
Cmd: disassembleShader
  api=9 insize=8844 outsize=8844 ok=1
Cmd: disassembleShader
  api=9 insize=10581 outsize=10581 ok=1
Cmd: disassembleShader
  api=9 insize=7919 outsize=7919 ok=1
Cmd: disassembleShader
  api=9 insize=0 outsize=57 ok=1
Cmd: disassembleShader
  api=18 insize=0 outsize=1 ok=1
Cmd: disassembleShader
  api=18 insize=0 outsize=1 ok=1
Cmd: disassembleShader
  api=9 insize=0 outsize=57 ok=1
Cmd: disassembleShader
  api=9 insize=0 outsize=57 ok=1
Cmd: disassembleShader
  api=9 insize=0 outsize=57 ok=1
Cmd: disassembleShader
  api=18 insize=0 outsize=1 ok=1
Cmd: disassembleShader
  api=18 insize=0 outsize=1 ok=1
Cmd: disassembleShader
  api=18 insize=0 outsize=1 ok=1
Cmd: disassembleShader
  api=9 insize=0 outsize=57 ok=1
Cmd: disassembleShader
  api=9 insize=0 outsize=57 ok=1
Cmd: disassembleShader
  api=9 insize=0 outsize=57 ok=1
Cmd: disassembleShader
  api=18 insize=0 outsize=1 ok=1
Cmd: disassembleShader
  api=18 insize=0 outsize=1 ok=1
Cmd: disassembleShader
  api=18 insize=0 outsize=1 ok=1
Cmd: disassembleShader
  api=9 insize=0 outsize=57 ok=1
Cmd: disassembleShader
  api=9 insize=0 outsize=57 ok=1
Cmd: disassembleShader
  api=9 insize=0 outsize=57 ok=1
Cmd: disassembleShader
  api=18 insize=0 outsize=1 ok=1
Cmd: disassembleShader
  api=18 insize=0 outsize=1 ok=1
Cmd: disassembleShader
  api=18 insize=0 outsize=1 ok=1
Cmd: disassembleShader
  api=9 insize=0 outsize=57 ok=1
Cmd: disassembleShader
  api=9 insize=4072 outsize=4072 ok=1
Cmd: disassembleShader
  api=9 insize=2798 outsize=2798 ok=1
Cmd: disassembleShader
  api=9 insize=4299 outsize=4299 ok=1
Cmd: disassembleShader
  api=9 insize=0 outsize=57 ok=1
Cmd: disassembleShader
  api=9 insize=0 outsize=57 ok=1
Cmd: disassembleShader
  api=18 insize=0 outsize=1 ok=1
Cmd: disassembleShader
  api=18 insize=0 outsize=1 ok=1
Cmd: disassembleShader
  api=18 insize=2984 outsize=28652 ok=1
Cmd: disassembleShader
  api=18 insize=4115 outsize=41102 ok=1
Cmd: disassembleShader
  api=18 insize=4002 outsize=39962 ok=1
Cmd: disassembleShader
  api=9 insize=5108 outsize=5108 ok=1
Cmd: disassembleShader
  api=9 insize=6671 outsize=6671 ok=1
Cmd: disassembleShader
  api=9 insize=6649 outsize=6649 ok=1
Cmd: disassembleShader
  api=18 insize=3058 outsize=29557 ok=1
Cmd: disassembleShader
  api=18 insize=0 outsize=1 ok=1
Cmd: disassembleShader
  api=18 insize=0 outsize=1 ok=1
Cmd: disassembleShader
  api=18 insize=0 outsize=1 ok=1
Cmd: disassembleShader
  api=9 insize=0 outsize=57 ok=1
Cmd: disassembleShader
  api=9 insize=0 outsize=57 ok=1
Cmd: disassembleShader
  api=9 insize=0 outsize=57 ok=1
Cmd: disassembleShader
  api=18 insize=0 outsize=1 ok=1
Cmd: disassembleShader
  api=9 insize=7658 outsize=7658 ok=1
Cmd: disassembleShader
  api=9 insize=9215 outsize=9215 ok=1
Cmd: disassembleShader
  api=9 insize=9219 outsize=9219 ok=1
Cmd: disassembleShader
  api=18 insize=5199 outsize=53405 ok=1
Cmd: disassembleShader
  api=18 insize=5996 outsize=59515 ok=1
Cmd: disassembleShader
  api=18 insize=7220 outsize=72734 ok=1
Cmd: disassembleShader
  api=9 insize=7277 outsize=7277 ok=1
Cmd: disassembleShader
  api=9 insize=7658 outsize=7658 ok=1
Cmd: disassembleShader
  api=9 insize=10506 outsize=10506 ok=1
Cmd: disassembleShader
  api=18 insize=6319 outsize=63729 ok=1
Cmd: disassembleShader
  api=18 insize=6166 outsize=61324 ok=1
Cmd: disassembleShader
  api=18 insize=5996 outsize=59515 ok=1
Cmd: disassembleShader
  api=9 insize=11155 outsize=11155 ok=1
Cmd: disassembleShader
  api=9 insize=7686 outsize=7686 ok=1
Cmd: disassembleShader
  api=18 insize=0 outsize=1 ok=1
Cmd: disassembleShader
  api=9 insize=0 outsize=57 ok=1
Cmd: disassembleShader
  api=9 insize=0 outsize=57 ok=1
Cmd: disassembleShader
  api=9 insize=0 outsize=57 ok=1
Cmd: disassembleShader
  api=18 insize=0 outsize=1 ok=1
Cmd: disassembleShader
  api=18 insize=0 outsize=1 ok=1
Cmd: disassembleShader
  api=18 insize=0 outsize=1 ok=1
Cmd: disassembleShader
  api=9 insize=5669 outsize=5669 ok=1
Cmd: disassembleShader
  api=18 insize=3517 outsize=34707 ok=1
Cmd: disassembleShader
  api=18 insize=3548 outsize=33699 ok=1
Cmd: disassembleShader
  api=18 insize=4558 outsize=43097 ok=1
Cmd: disassembleShader
  api=9 insize=7375 outsize=7375 ok=1
Cmd: disassembleShader
  api=9 insize=7322 outsize=7322 ok=1
Cmd: disassembleShader
  api=18 insize=4169 outsize=40516 ok=1
Cmd: disassembleShader
  api=18 insize=4219 outsize=39668 ok=1
Cmd: disassembleShader
  api=9 insize=8238 outsize=8238 ok=1
Cmd: disassembleShader
  api=9 insize=8609 outsize=8609 ok=1
Cmd: disassembleShader
  api=9 insize=8496 outsize=8496 ok=1
Cmd: disassembleShader
  api=18 insize=4773 outsize=46679 ok=1
Cmd: disassembleShader
  api=18 insize=5742 outsize=53688 ok=1
Cmd: disassembleShader
  api=18 insize=5013 outsize=47535 ok=1
Cmd: disassembleShader
  api=9 insize=8331 outsize=8331 ok=1
Cmd: disassembleShader
  api=9 insize=8253 outsize=8253 ok=1
Cmd: disassembleShader
  api=18 insize=4195 outsize=40844 ok=1
Cmd: disassembleShader
  api=9 insize=0 outsize=57 ok=1
Cmd: disassembleShader
  api=9 insize=0 outsize=57 ok=1
Cmd: disassembleShader
  api=9 insize=0 outsize=57 ok=1
Cmd: disassembleShader
  api=18 insize=0 outsize=1 ok=1
Cmd: disassembleShader
  api=18 insize=0 outsize=1 ok=1
Cmd: disassembleShader
  api=18 insize=0 outsize=1 ok=1
Cmd: disassembleShader
  api=9 insize=0 outsize=57 ok=1
Cmd: disassembleShader
  api=9 insize=0 outsize=57 ok=1
Cmd: disassembleShader
  api=9 insize=0 outsize=57 ok=1
Cmd: disassembleShader
  api=18 insize=0 outsize=1 ok=1
Cmd: disassembleShader
  api=18 insize=0 outsize=1 ok=1
Cmd: disassembleShader
  api=18 insize=0 outsize=1 ok=1
Cmd: disassembleShader
  api=9 insize=0 outsize=57 ok=1
Cmd: disassembleShader
  api=9 insize=0 outsize=57 ok=1
Cmd: disassembleShader
  api=9 insize=0 outsize=57 ok=1
Cmd: disassembleShader
  api=18 insize=0 outsize=1 ok=1
Cmd: disassembleShader
  api=18 insize=0 outsize=1 ok=1
Cmd: disassembleShader
  api=18 insize=0 outsize=1 ok=1
Cmd: disassembleShader
  api=9 insize=3025 outsize=3025 ok=1
Cmd: disassembleShader
  api=9 insize=2798 outsize=2798 ok=1
Cmd: disassembleShader
  api=9 insize=4058 outsize=4058 ok=1
Cmd: disassembleShader
  api=9 insize=0 outsize=57 ok=1
Cmd: disassembleShader
  api=9 insize=0 outsize=57 ok=1
Cmd: disassembleShader
  api=9 insize=0 outsize=57 ok=1
